<?xml version="1.0" encoding="UTF-8"?>
<!-- Generated by org.testng.reporters.JUnitXMLReporter -->
<testsuite ignored="2" hostname="DESKTOP-G2OF9J2" failures="0" tests="1" name="Default test" time="84.203" errors="0" timestamp="2023-04-27T15:05:12 IST">
  <testcase classname="Testcase.Testsuite1" name="test3" time="47.417"/>
  <testcase classname="Testcase.Testsuite1" name="test1" time="0.0">
    <ignored/>
  </testcase> <!-- test1 -->
  <testcase classname="Testcase.Testsuite1" name="test2" time="0.0">
    <ignored/>
  </testcase> <!-- test2 -->
</testsuite> <!-- Default test -->
