<?xml version="1.0" encoding="UTF-8"?>
<!-- Generated by org.testng.reporters.JUnitXMLReporter -->
<testsuite ignored="4" hostname="DESKTOP-G2OF9J2" failures="0" tests="1" name="Command line test" time="15.048" errors="0" timestamp="2023-05-22T10:46:17 IST">
  <testcase classname="Testcase.Testsuite1" name="test5" time="13.657"/>
  <testcase classname="Testcase.Testsuite1" name="test4" time="0.0">
    <ignored/>
  </testcase> <!-- test4 -->
  <testcase classname="Testcase.Testsuite1" name="test3" time="0.0">
    <ignored/>
  </testcase> <!-- test3 -->
  <testcase classname="Testcase.Testsuite1" name="test2" time="0.0">
    <ignored/>
  </testcase> <!-- test2 -->
  <testcase classname="Testcase.Testsuite1" name="test1" time="0.0">
    <ignored/>
  </testcase> <!-- test1 -->
</testsuite> <!-- Command line test -->
