<?xml version="1.0" encoding="UTF-8"?>
<testng-results ignored="0" total="1" passed="1" failed="0" skipped="0">
  <reporter-output>
  </reporter-output>
  <suite started-at="2023-04-19T00:20:27 IST" name="Default suite" finished-at="2023-04-19T00:20:44 IST" duration-ms="17071">
    <groups>
    </groups>
    <test started-at="2023-04-19T00:20:27 IST" name="Default test" finished-at="2023-04-19T00:20:44 IST" duration-ms="17071">
      <class name="Testcase.Testsuite1">
        <test-method is-config="true" signature="TestInitialize()[pri:0, instance:Testcase.Testsuite1@4802796d]" started-at="2023-04-19T00:20:27 IST" name="TestInitialize" finished-at="2023-04-19T00:20:27 IST" duration-ms="310" status="PASS">
          <reporter-output>
          </reporter-output>
        </test-method> <!-- TestInitialize -->
        <test-method signature="test1()[pri:0, instance:Testcase.Testsuite1@4802796d]" started-at="2023-04-19T00:20:27 IST" name="test1" finished-at="2023-04-19T00:20:42 IST" duration-ms="14438" status="PASS">
          <reporter-output>
          </reporter-output>
        </test-method> <!-- test1 -->
        <test-method is-config="true" signature="TeardownTest()[pri:0, instance:Testcase.Testsuite1@4802796d]" started-at="2023-04-19T00:20:42 IST" name="TeardownTest" finished-at="2023-04-19T00:20:44 IST" duration-ms="1912" status="PASS">
          <reporter-output>
          </reporter-output>
        </test-method> <!-- TeardownTest -->
        <test-method is-config="true" signature="ClassCleanup()[pri:0, instance:Testcase.Testsuite1@4802796d]" started-at="2023-04-19T00:20:44 IST" name="ClassCleanup" finished-at="2023-04-19T00:20:44 IST" duration-ms="354" status="PASS">
          <reporter-output>
          </reporter-output>
        </test-method> <!-- ClassCleanup -->
      </class> <!-- Testcase.Testsuite1 -->
    </test> <!-- Default test -->
  </suite> <!-- Default suite -->
</testng-results>
