<?xml version="1.0" encoding="UTF-8"?>
<testng-results ignored="4" total="5" passed="1" failed="0" skipped="0">
  <reporter-output>
  </reporter-output>
  <suite started-at="2023-05-12T15:49:07 IST" name="Default suite" finished-at="2023-05-12T15:49:38 IST" duration-ms="31327">
    <groups>
    </groups>
    <test started-at="2023-05-12T15:49:07 IST" name="Default test" finished-at="2023-05-12T15:49:38 IST" duration-ms="31327">
      <class name="Testcase.Testsuite1">
        <test-method is-config="true" signature="TestInitialize()[pri:0, instance:Testcase.Testsuite1@515c6049]" started-at="2023-05-12T15:49:07 IST" name="TestInitialize" finished-at="2023-05-12T15:49:07 IST" duration-ms="249" status="PASS">
          <reporter-output>
          </reporter-output>
        </test-method> <!-- TestInitialize -->
        <test-method signature="test5()[pri:0, instance:Testcase.Testsuite1@515c6049]" started-at="2023-05-12T15:49:07 IST" name="test5" finished-at="2023-05-12T15:49:37 IST" duration-ms="29903" status="PASS">
          <reporter-output>
          </reporter-output>
        </test-method> <!-- test5 -->
        <test-method is-config="true" signature="TeardownTest()[pri:0, instance:Testcase.Testsuite1@515c6049]" started-at="2023-05-12T15:49:37 IST" name="TeardownTest" finished-at="2023-05-12T15:49:38 IST" duration-ms="848" status="PASS">
          <reporter-output>
          </reporter-output>
        </test-method> <!-- TeardownTest -->
        <test-method is-config="true" signature="ClassCleanup()[pri:0, instance:Testcase.Testsuite1@515c6049]" started-at="2023-05-12T15:49:38 IST" name="ClassCleanup" finished-at="2023-05-12T15:49:38 IST" duration-ms="283" status="PASS">
          <reporter-output>
          </reporter-output>
        </test-method> <!-- ClassCleanup -->
      </class> <!-- Testcase.Testsuite1 -->
    </test> <!-- Default test -->
  </suite> <!-- Default suite -->
</testng-results>
